
ff: parsing domain file
domain 'SORTING_DOMAIN' defined
 ... done.
ff: parsing problem file
problem 'SORTING_PROBLEM' defined
 ... done.



Cueing down from goal distance:   10 into depth [1]
                                   9            [1][2]
                                   7            [1]
                                   6            [1]
                                   5            [1]
                                   4            [1]
                                   3            [1]
                                   2            [1]
                                   1            [1]
                                   0            

ff: found legal plan as follows

step    0: GRASP_LEFT CLOTH0
        1: PUTDOWN_LEFT CLOTH0 MIDDLE_TARGET_2
        2: GRASP_LEFT CLOTH3
        3: PUTDOWN_LEFT CLOTH3 CLOTH3_END_TARGET
        4: GRASP_LEFT CLOTH1
        5: PUTDOWN_LEFT CLOTH1 CLOTH1_END_TARGET
        6: GRASP_LEFT CLOTH2
        7: PUTDOWN_LEFT CLOTH2 CLOTH2_END_TARGET
        8: GRASP_LEFT CLOTH0
        9: PUTDOWN_LEFT CLOTH0 CLOTH0_END_TARGET
     

time spent:    0.00 seconds instantiating 40 easy, 0 hard action templates
               0.00 seconds reachability analysis, yielding 72 facts and 40 actions
               0.00 seconds creating final representation with 68 relevant facts
               0.00 seconds building connectivity graph
               0.00 seconds searching, evaluating 15 states, to a max depth of 2
               0.00 seconds total time

*** States ***
State 

NOT-CLOTHINGRIPPERLEFT(CLOTH2)
NOT-CLOTHINGRIPPERLEFT(CLOTH3)
NOT-CLOTHINGRIPPERLEFT(CLOTH0)
NOT-CLOTHINGRIPPERLEFT(CLOTH1)
NOT-CLOTHINGRIPPERRIGHT(CLOTH2)
NOT-CLOTHINGRIPPERRIGHT(CLOTH3)
NOT-CLOTHINGRIPPERRIGHT(CLOTH0)
NOT-CLOTHINGRIPPERRIGHT(CLOTH1)
NOT-CLOTHATTARGET(CLOTH2 CLOTH1_END_TARGET)
NOT-CLOTHATTARGET(CLOTH2 CLOTH3_END_TARGET)
NOT-CLOTHATTARGET(CLOTH2 CLOTH2_END_TARGET)
NOT-CLOTHATTARGET(CLOTH2 MIDDLE_TARGET_2)
NOT-CLOTHATTARGET(CLOTH2 MIDDLE_TARGET_1)
NOT-CLOTHATTARGET(CLOTH3 CLOTH3_END_TARGET)
NOT-CLOTHATTARGET(CLOTH3 CLOTH2_END_TARGET)
NOT-CLOTHATTARGET(CLOTH3 CLOTH0_END_TARGET)
NOT-CLOTHATTARGET(CLOTH3 MIDDLE_TARGET_2)
NOT-CLOTHATTARGET(CLOTH3 MIDDLE_TARGET_1)
NOT-CLOTHATTARGET(CLOTH0 CLOTH1_END_TARGET)
NOT-CLOTHATTARGET(CLOTH0 CLOTH2_END_TARGET)
NOT-CLOTHATTARGET(CLOTH0 CLOTH0_END_TARGET)
NOT-CLOTHATTARGET(CLOTH0 MIDDLE_TARGET_2)
NOT-CLOTHATTARGET(CLOTH0 MIDDLE_TARGET_1)
NOT-CLOTHATTARGET(CLOTH1 CLOTH1_END_TARGET)
NOT-CLOTHATTARGET(CLOTH1 CLOTH3_END_TARGET)
NOT-CLOTHATTARGET(CLOTH1 CLOTH0_END_TARGET)
NOT-CLOTHATTARGET(CLOTH1 MIDDLE_TARGET_2)
NOT-CLOTHATTARGET(CLOTH1 MIDDLE_TARGET_1)
CLOTHATTARGET(CLOTH1 CLOTH2_END_TARGET)
CLOTHATTARGET(CLOTH0 CLOTH3_END_TARGET)
CLOTHATTARGET(CLOTH3 CLOTH1_END_TARGET)
CLOTHATTARGET(CLOTH2 CLOTH0_END_TARGET)

State 

NOT-CLOTHINGRIPPERLEFT(CLOTH2)
NOT-CLOTHINGRIPPERLEFT(CLOTH3)
NOT-CLOTHINGRIPPERLEFT(CLOTH1)
NOT-CLOTHINGRIPPERRIGHT(CLOTH2)
NOT-CLOTHINGRIPPERRIGHT(CLOTH3)
NOT-CLOTHINGRIPPERRIGHT(CLOTH0)
NOT-CLOTHINGRIPPERRIGHT(CLOTH1)
NOT-CLOTHATTARGET(CLOTH2 CLOTH1_END_TARGET)
NOT-CLOTHATTARGET(CLOTH2 CLOTH3_END_TARGET)
NOT-CLOTHATTARGET(CLOTH2 CLOTH2_END_TARGET)
NOT-CLOTHATTARGET(CLOTH2 MIDDLE_TARGET_2)
NOT-CLOTHATTARGET(CLOTH2 MIDDLE_TARGET_1)
NOT-CLOTHATTARGET(CLOTH3 CLOTH3_END_TARGET)
NOT-CLOTHATTARGET(CLOTH3 CLOTH2_END_TARGET)
NOT-CLOTHATTARGET(CLOTH3 CLOTH0_END_TARGET)
NOT-CLOTHATTARGET(CLOTH3 MIDDLE_TARGET_2)
NOT-CLOTHATTARGET(CLOTH3 MIDDLE_TARGET_1)
NOT-CLOTHATTARGET(CLOTH0 CLOTH1_END_TARGET)
NOT-CLOTHATTARGET(CLOTH0 CLOTH2_END_TARGET)
NOT-CLOTHATTARGET(CLOTH0 CLOTH0_END_TARGET)
NOT-CLOTHATTARGET(CLOTH0 MIDDLE_TARGET_2)
NOT-CLOTHATTARGET(CLOTH0 MIDDLE_TARGET_1)
NOT-CLOTHATTARGET(CLOTH1 CLOTH1_END_TARGET)
NOT-CLOTHATTARGET(CLOTH1 CLOTH3_END_TARGET)
NOT-CLOTHATTARGET(CLOTH1 CLOTH0_END_TARGET)
NOT-CLOTHATTARGET(CLOTH1 MIDDLE_TARGET_2)
NOT-CLOTHATTARGET(CLOTH1 MIDDLE_TARGET_1)
CLOTHATTARGET(CLOTH1 CLOTH2_END_TARGET)
CLOTHATTARGET(CLOTH0 CLOTH3_END_TARGET)
CLOTHATTARGET(CLOTH3 CLOTH1_END_TARGET)
CLOTHATTARGET(CLOTH2 CLOTH0_END_TARGET)
CLOTHINGRIPPERLEFT(CLOTH0)

State 

NOT-CLOTHINGRIPPERLEFT(CLOTH2)
NOT-CLOTHINGRIPPERLEFT(CLOTH3)
NOT-CLOTHINGRIPPERLEFT(CLOTH1)
NOT-CLOTHINGRIPPERRIGHT(CLOTH2)
NOT-CLOTHINGRIPPERRIGHT(CLOTH3)
NOT-CLOTHINGRIPPERRIGHT(CLOTH0)
NOT-CLOTHINGRIPPERRIGHT(CLOTH1)
NOT-CLOTHATTARGET(CLOTH2 CLOTH1_END_TARGET)
NOT-CLOTHATTARGET(CLOTH2 CLOTH3_END_TARGET)
NOT-CLOTHATTARGET(CLOTH2 CLOTH2_END_TARGET)
NOT-CLOTHATTARGET(CLOTH2 MIDDLE_TARGET_2)
NOT-CLOTHATTARGET(CLOTH2 MIDDLE_TARGET_1)
NOT-CLOTHATTARGET(CLOTH3 CLOTH3_END_TARGET)
NOT-CLOTHATTARGET(CLOTH3 CLOTH2_END_TARGET)
NOT-CLOTHATTARGET(CLOTH3 CLOTH0_END_TARGET)
NOT-CLOTHATTARGET(CLOTH3 MIDDLE_TARGET_2)
NOT-CLOTHATTARGET(CLOTH3 MIDDLE_TARGET_1)
NOT-CLOTHATTARGET(CLOTH0 CLOTH1_END_TARGET)
NOT-CLOTHATTARGET(CLOTH0 CLOTH2_END_TARGET)
NOT-CLOTHATTARGET(CLOTH0 CLOTH0_END_TARGET)
NOT-CLOTHATTARGET(CLOTH0 MIDDLE_TARGET_1)
NOT-CLOTHATTARGET(CLOTH1 CLOTH1_END_TARGET)
NOT-CLOTHATTARGET(CLOTH1 CLOTH3_END_TARGET)
NOT-CLOTHATTARGET(CLOTH1 CLOTH0_END_TARGET)
NOT-CLOTHATTARGET(CLOTH1 MIDDLE_TARGET_2)
NOT-CLOTHATTARGET(CLOTH1 MIDDLE_TARGET_1)
CLOTHATTARGET(CLOTH1 CLOTH2_END_TARGET)
CLOTHATTARGET(CLOTH3 CLOTH1_END_TARGET)
CLOTHATTARGET(CLOTH2 CLOTH0_END_TARGET)
CLOTHISONRIGHT(CLOTH0)
NOT-CLOTHATTARGET(CLOTH0 CLOTH3_END_TARGET)
NOT-CLOTHINGRIPPERLEFT(CLOTH0)
CLOTHATTARGET(CLOTH0 MIDDLE_TARGET_2)

State 

NOT-CLOTHINGRIPPERLEFT(CLOTH2)
NOT-CLOTHINGRIPPERLEFT(CLOTH1)
NOT-CLOTHINGRIPPERRIGHT(CLOTH2)
NOT-CLOTHINGRIPPERRIGHT(CLOTH3)
NOT-CLOTHINGRIPPERRIGHT(CLOTH0)
NOT-CLOTHINGRIPPERRIGHT(CLOTH1)
NOT-CLOTHATTARGET(CLOTH2 CLOTH1_END_TARGET)
NOT-CLOTHATTARGET(CLOTH2 CLOTH3_END_TARGET)
NOT-CLOTHATTARGET(CLOTH2 CLOTH2_END_TARGET)
NOT-CLOTHATTARGET(CLOTH2 MIDDLE_TARGET_2)
NOT-CLOTHATTARGET(CLOTH2 MIDDLE_TARGET_1)
NOT-CLOTHATTARGET(CLOTH3 CLOTH3_END_TARGET)
NOT-CLOTHATTARGET(CLOTH3 CLOTH2_END_TARGET)
NOT-CLOTHATTARGET(CLOTH3 CLOTH0_END_TARGET)
NOT-CLOTHATTARGET(CLOTH3 MIDDLE_TARGET_2)
NOT-CLOTHATTARGET(CLOTH3 MIDDLE_TARGET_1)
NOT-CLOTHATTARGET(CLOTH0 CLOTH1_END_TARGET)
NOT-CLOTHATTARGET(CLOTH0 CLOTH2_END_TARGET)
NOT-CLOTHATTARGET(CLOTH0 CLOTH0_END_TARGET)
NOT-CLOTHATTARGET(CLOTH0 MIDDLE_TARGET_1)
NOT-CLOTHATTARGET(CLOTH1 CLOTH1_END_TARGET)
NOT-CLOTHATTARGET(CLOTH1 CLOTH3_END_TARGET)
NOT-CLOTHATTARGET(CLOTH1 CLOTH0_END_TARGET)
NOT-CLOTHATTARGET(CLOTH1 MIDDLE_TARGET_2)
NOT-CLOTHATTARGET(CLOTH1 MIDDLE_TARGET_1)
CLOTHATTARGET(CLOTH1 CLOTH2_END_TARGET)
CLOTHATTARGET(CLOTH3 CLOTH1_END_TARGET)
CLOTHATTARGET(CLOTH2 CLOTH0_END_TARGET)
CLOTHISONRIGHT(CLOTH0)
NOT-CLOTHATTARGET(CLOTH0 CLOTH3_END_TARGET)
NOT-CLOTHINGRIPPERLEFT(CLOTH0)
CLOTHATTARGET(CLOTH0 MIDDLE_TARGET_2)
CLOTHINGRIPPERLEFT(CLOTH3)

State 

NOT-CLOTHINGRIPPERLEFT(CLOTH2)
NOT-CLOTHINGRIPPERLEFT(CLOTH1)
NOT-CLOTHINGRIPPERRIGHT(CLOTH2)
NOT-CLOTHINGRIPPERRIGHT(CLOTH3)
NOT-CLOTHINGRIPPERRIGHT(CLOTH0)
NOT-CLOTHINGRIPPERRIGHT(CLOTH1)
NOT-CLOTHATTARGET(CLOTH2 CLOTH1_END_TARGET)
NOT-CLOTHATTARGET(CLOTH2 CLOTH3_END_TARGET)
NOT-CLOTHATTARGET(CLOTH2 CLOTH2_END_TARGET)
NOT-CLOTHATTARGET(CLOTH2 MIDDLE_TARGET_2)
NOT-CLOTHATTARGET(CLOTH2 MIDDLE_TARGET_1)
NOT-CLOTHATTARGET(CLOTH3 CLOTH2_END_TARGET)
NOT-CLOTHATTARGET(CLOTH3 CLOTH0_END_TARGET)
NOT-CLOTHATTARGET(CLOTH3 MIDDLE_TARGET_2)
NOT-CLOTHATTARGET(CLOTH3 MIDDLE_TARGET_1)
NOT-CLOTHATTARGET(CLOTH0 CLOTH1_END_TARGET)
NOT-CLOTHATTARGET(CLOTH0 CLOTH2_END_TARGET)
NOT-CLOTHATTARGET(CLOTH0 CLOTH0_END_TARGET)
NOT-CLOTHATTARGET(CLOTH0 MIDDLE_TARGET_1)
NOT-CLOTHATTARGET(CLOTH1 CLOTH1_END_TARGET)
NOT-CLOTHATTARGET(CLOTH1 CLOTH3_END_TARGET)
NOT-CLOTHATTARGET(CLOTH1 CLOTH0_END_TARGET)
NOT-CLOTHATTARGET(CLOTH1 MIDDLE_TARGET_2)
NOT-CLOTHATTARGET(CLOTH1 MIDDLE_TARGET_1)
CLOTHATTARGET(CLOTH1 CLOTH2_END_TARGET)
CLOTHATTARGET(CLOTH2 CLOTH0_END_TARGET)
CLOTHISONRIGHT(CLOTH0)
NOT-CLOTHATTARGET(CLOTH0 CLOTH3_END_TARGET)
NOT-CLOTHINGRIPPERLEFT(CLOTH0)
CLOTHATTARGET(CLOTH0 MIDDLE_TARGET_2)
NOT-CLOTHATTARGET(CLOTH3 CLOTH1_END_TARGET)
NOT-CLOTHINGRIPPERLEFT(CLOTH3)
CLOTHATTARGET(CLOTH3 CLOTH3_END_TARGET)

State 

NOT-CLOTHINGRIPPERLEFT(CLOTH2)
NOT-CLOTHINGRIPPERRIGHT(CLOTH2)
NOT-CLOTHINGRIPPERRIGHT(CLOTH3)
NOT-CLOTHINGRIPPERRIGHT(CLOTH0)
NOT-CLOTHINGRIPPERRIGHT(CLOTH1)
NOT-CLOTHATTARGET(CLOTH2 CLOTH1_END_TARGET)
NOT-CLOTHATTARGET(CLOTH2 CLOTH3_END_TARGET)
NOT-CLOTHATTARGET(CLOTH2 CLOTH2_END_TARGET)
NOT-CLOTHATTARGET(CLOTH2 MIDDLE_TARGET_2)
NOT-CLOTHATTARGET(CLOTH2 MIDDLE_TARGET_1)
NOT-CLOTHATTARGET(CLOTH3 CLOTH2_END_TARGET)
NOT-CLOTHATTARGET(CLOTH3 CLOTH0_END_TARGET)
NOT-CLOTHATTARGET(CLOTH3 MIDDLE_TARGET_2)
NOT-CLOTHATTARGET(CLOTH3 MIDDLE_TARGET_1)
NOT-CLOTHATTARGET(CLOTH0 CLOTH1_END_TARGET)
NOT-CLOTHATTARGET(CLOTH0 CLOTH2_END_TARGET)
NOT-CLOTHATTARGET(CLOTH0 CLOTH0_END_TARGET)
NOT-CLOTHATTARGET(CLOTH0 MIDDLE_TARGET_1)
NOT-CLOTHATTARGET(CLOTH1 CLOTH1_END_TARGET)
NOT-CLOTHATTARGET(CLOTH1 CLOTH3_END_TARGET)
NOT-CLOTHATTARGET(CLOTH1 CLOTH0_END_TARGET)
NOT-CLOTHATTARGET(CLOTH1 MIDDLE_TARGET_2)
NOT-CLOTHATTARGET(CLOTH1 MIDDLE_TARGET_1)
CLOTHATTARGET(CLOTH1 CLOTH2_END_TARGET)
CLOTHATTARGET(CLOTH2 CLOTH0_END_TARGET)
CLOTHISONRIGHT(CLOTH0)
NOT-CLOTHATTARGET(CLOTH0 CLOTH3_END_TARGET)
NOT-CLOTHINGRIPPERLEFT(CLOTH0)
CLOTHATTARGET(CLOTH0 MIDDLE_TARGET_2)
NOT-CLOTHATTARGET(CLOTH3 CLOTH1_END_TARGET)
NOT-CLOTHINGRIPPERLEFT(CLOTH3)
CLOTHATTARGET(CLOTH3 CLOTH3_END_TARGET)
CLOTHINGRIPPERLEFT(CLOTH1)

State 

NOT-CLOTHINGRIPPERLEFT(CLOTH2)
NOT-CLOTHINGRIPPERRIGHT(CLOTH2)
NOT-CLOTHINGRIPPERRIGHT(CLOTH3)
NOT-CLOTHINGRIPPERRIGHT(CLOTH0)
NOT-CLOTHINGRIPPERRIGHT(CLOTH1)
NOT-CLOTHATTARGET(CLOTH2 CLOTH1_END_TARGET)
NOT-CLOTHATTARGET(CLOTH2 CLOTH3_END_TARGET)
NOT-CLOTHATTARGET(CLOTH2 CLOTH2_END_TARGET)
NOT-CLOTHATTARGET(CLOTH2 MIDDLE_TARGET_2)
NOT-CLOTHATTARGET(CLOTH2 MIDDLE_TARGET_1)
NOT-CLOTHATTARGET(CLOTH3 CLOTH2_END_TARGET)
NOT-CLOTHATTARGET(CLOTH3 CLOTH0_END_TARGET)
NOT-CLOTHATTARGET(CLOTH3 MIDDLE_TARGET_2)
NOT-CLOTHATTARGET(CLOTH3 MIDDLE_TARGET_1)
NOT-CLOTHATTARGET(CLOTH0 CLOTH1_END_TARGET)
NOT-CLOTHATTARGET(CLOTH0 CLOTH2_END_TARGET)
NOT-CLOTHATTARGET(CLOTH0 CLOTH0_END_TARGET)
NOT-CLOTHATTARGET(CLOTH0 MIDDLE_TARGET_1)
NOT-CLOTHATTARGET(CLOTH1 CLOTH3_END_TARGET)
NOT-CLOTHATTARGET(CLOTH1 CLOTH0_END_TARGET)
NOT-CLOTHATTARGET(CLOTH1 MIDDLE_TARGET_2)
NOT-CLOTHATTARGET(CLOTH1 MIDDLE_TARGET_1)
CLOTHATTARGET(CLOTH2 CLOTH0_END_TARGET)
CLOTHISONRIGHT(CLOTH0)
NOT-CLOTHATTARGET(CLOTH0 CLOTH3_END_TARGET)
NOT-CLOTHINGRIPPERLEFT(CLOTH0)
CLOTHATTARGET(CLOTH0 MIDDLE_TARGET_2)
NOT-CLOTHATTARGET(CLOTH3 CLOTH1_END_TARGET)
NOT-CLOTHINGRIPPERLEFT(CLOTH3)
CLOTHATTARGET(CLOTH3 CLOTH3_END_TARGET)
NOT-CLOTHATTARGET(CLOTH1 CLOTH2_END_TARGET)
NOT-CLOTHINGRIPPERLEFT(CLOTH1)
CLOTHATTARGET(CLOTH1 CLOTH1_END_TARGET)

State 

NOT-CLOTHINGRIPPERRIGHT(CLOTH2)
NOT-CLOTHINGRIPPERRIGHT(CLOTH3)
NOT-CLOTHINGRIPPERRIGHT(CLOTH0)
NOT-CLOTHINGRIPPERRIGHT(CLOTH1)
NOT-CLOTHATTARGET(CLOTH2 CLOTH1_END_TARGET)
NOT-CLOTHATTARGET(CLOTH2 CLOTH3_END_TARGET)
NOT-CLOTHATTARGET(CLOTH2 CLOTH2_END_TARGET)
NOT-CLOTHATTARGET(CLOTH2 MIDDLE_TARGET_2)
NOT-CLOTHATTARGET(CLOTH2 MIDDLE_TARGET_1)
NOT-CLOTHATTARGET(CLOTH3 CLOTH2_END_TARGET)
NOT-CLOTHATTARGET(CLOTH3 CLOTH0_END_TARGET)
NOT-CLOTHATTARGET(CLOTH3 MIDDLE_TARGET_2)
NOT-CLOTHATTARGET(CLOTH3 MIDDLE_TARGET_1)
NOT-CLOTHATTARGET(CLOTH0 CLOTH1_END_TARGET)
NOT-CLOTHATTARGET(CLOTH0 CLOTH2_END_TARGET)
NOT-CLOTHATTARGET(CLOTH0 CLOTH0_END_TARGET)
NOT-CLOTHATTARGET(CLOTH0 MIDDLE_TARGET_1)
NOT-CLOTHATTARGET(CLOTH1 CLOTH3_END_TARGET)
NOT-CLOTHATTARGET(CLOTH1 CLOTH0_END_TARGET)
NOT-CLOTHATTARGET(CLOTH1 MIDDLE_TARGET_2)
NOT-CLOTHATTARGET(CLOTH1 MIDDLE_TARGET_1)
CLOTHATTARGET(CLOTH2 CLOTH0_END_TARGET)
CLOTHISONRIGHT(CLOTH0)
NOT-CLOTHATTARGET(CLOTH0 CLOTH3_END_TARGET)
NOT-CLOTHINGRIPPERLEFT(CLOTH0)
CLOTHATTARGET(CLOTH0 MIDDLE_TARGET_2)
NOT-CLOTHATTARGET(CLOTH3 CLOTH1_END_TARGET)
NOT-CLOTHINGRIPPERLEFT(CLOTH3)
CLOTHATTARGET(CLOTH3 CLOTH3_END_TARGET)
NOT-CLOTHATTARGET(CLOTH1 CLOTH2_END_TARGET)
NOT-CLOTHINGRIPPERLEFT(CLOTH1)
CLOTHATTARGET(CLOTH1 CLOTH1_END_TARGET)
CLOTHINGRIPPERLEFT(CLOTH2)

State 

NOT-CLOTHINGRIPPERRIGHT(CLOTH2)
NOT-CLOTHINGRIPPERRIGHT(CLOTH3)
NOT-CLOTHINGRIPPERRIGHT(CLOTH0)
NOT-CLOTHINGRIPPERRIGHT(CLOTH1)
NOT-CLOTHATTARGET(CLOTH2 CLOTH1_END_TARGET)
NOT-CLOTHATTARGET(CLOTH2 CLOTH3_END_TARGET)
NOT-CLOTHATTARGET(CLOTH2 MIDDLE_TARGET_2)
NOT-CLOTHATTARGET(CLOTH2 MIDDLE_TARGET_1)
NOT-CLOTHATTARGET(CLOTH3 CLOTH2_END_TARGET)
NOT-CLOTHATTARGET(CLOTH3 CLOTH0_END_TARGET)
NOT-CLOTHATTARGET(CLOTH3 MIDDLE_TARGET_2)
NOT-CLOTHATTARGET(CLOTH3 MIDDLE_TARGET_1)
NOT-CLOTHATTARGET(CLOTH0 CLOTH1_END_TARGET)
NOT-CLOTHATTARGET(CLOTH0 CLOTH2_END_TARGET)
NOT-CLOTHATTARGET(CLOTH0 CLOTH0_END_TARGET)
NOT-CLOTHATTARGET(CLOTH0 MIDDLE_TARGET_1)
NOT-CLOTHATTARGET(CLOTH1 CLOTH3_END_TARGET)
NOT-CLOTHATTARGET(CLOTH1 CLOTH0_END_TARGET)
NOT-CLOTHATTARGET(CLOTH1 MIDDLE_TARGET_2)
NOT-CLOTHATTARGET(CLOTH1 MIDDLE_TARGET_1)
CLOTHISONRIGHT(CLOTH0)
NOT-CLOTHATTARGET(CLOTH0 CLOTH3_END_TARGET)
NOT-CLOTHINGRIPPERLEFT(CLOTH0)
CLOTHATTARGET(CLOTH0 MIDDLE_TARGET_2)
NOT-CLOTHATTARGET(CLOTH3 CLOTH1_END_TARGET)
NOT-CLOTHINGRIPPERLEFT(CLOTH3)
CLOTHATTARGET(CLOTH3 CLOTH3_END_TARGET)
NOT-CLOTHATTARGET(CLOTH1 CLOTH2_END_TARGET)
NOT-CLOTHINGRIPPERLEFT(CLOTH1)
CLOTHATTARGET(CLOTH1 CLOTH1_END_TARGET)
NOT-CLOTHATTARGET(CLOTH2 CLOTH0_END_TARGET)
NOT-CLOTHINGRIPPERLEFT(CLOTH2)
CLOTHATTARGET(CLOTH2 CLOTH2_END_TARGET)

State 

NOT-CLOTHINGRIPPERRIGHT(CLOTH2)
NOT-CLOTHINGRIPPERRIGHT(CLOTH3)
NOT-CLOTHINGRIPPERRIGHT(CLOTH0)
NOT-CLOTHINGRIPPERRIGHT(CLOTH1)
NOT-CLOTHATTARGET(CLOTH2 CLOTH1_END_TARGET)
NOT-CLOTHATTARGET(CLOTH2 CLOTH3_END_TARGET)
NOT-CLOTHATTARGET(CLOTH2 MIDDLE_TARGET_2)
NOT-CLOTHATTARGET(CLOTH2 MIDDLE_TARGET_1)
NOT-CLOTHATTARGET(CLOTH3 CLOTH2_END_TARGET)
NOT-CLOTHATTARGET(CLOTH3 CLOTH0_END_TARGET)
NOT-CLOTHATTARGET(CLOTH3 MIDDLE_TARGET_2)
NOT-CLOTHATTARGET(CLOTH3 MIDDLE_TARGET_1)
NOT-CLOTHATTARGET(CLOTH0 CLOTH1_END_TARGET)
NOT-CLOTHATTARGET(CLOTH0 CLOTH2_END_TARGET)
NOT-CLOTHATTARGET(CLOTH0 CLOTH0_END_TARGET)
NOT-CLOTHATTARGET(CLOTH0 MIDDLE_TARGET_1)
NOT-CLOTHATTARGET(CLOTH1 CLOTH3_END_TARGET)
NOT-CLOTHATTARGET(CLOTH1 CLOTH0_END_TARGET)
NOT-CLOTHATTARGET(CLOTH1 MIDDLE_TARGET_2)
NOT-CLOTHATTARGET(CLOTH1 MIDDLE_TARGET_1)
CLOTHISONRIGHT(CLOTH0)
NOT-CLOTHATTARGET(CLOTH0 CLOTH3_END_TARGET)
CLOTHATTARGET(CLOTH0 MIDDLE_TARGET_2)
NOT-CLOTHATTARGET(CLOTH3 CLOTH1_END_TARGET)
NOT-CLOTHINGRIPPERLEFT(CLOTH3)
CLOTHATTARGET(CLOTH3 CLOTH3_END_TARGET)
NOT-CLOTHATTARGET(CLOTH1 CLOTH2_END_TARGET)
NOT-CLOTHINGRIPPERLEFT(CLOTH1)
CLOTHATTARGET(CLOTH1 CLOTH1_END_TARGET)
NOT-CLOTHATTARGET(CLOTH2 CLOTH0_END_TARGET)
NOT-CLOTHINGRIPPERLEFT(CLOTH2)
CLOTHATTARGET(CLOTH2 CLOTH2_END_TARGET)
CLOTHINGRIPPERLEFT(CLOTH0)

State 

NOT-CLOTHINGRIPPERRIGHT(CLOTH2)
NOT-CLOTHINGRIPPERRIGHT(CLOTH3)
NOT-CLOTHINGRIPPERRIGHT(CLOTH0)
NOT-CLOTHINGRIPPERRIGHT(CLOTH1)
NOT-CLOTHATTARGET(CLOTH2 CLOTH1_END_TARGET)
NOT-CLOTHATTARGET(CLOTH2 CLOTH3_END_TARGET)
NOT-CLOTHATTARGET(CLOTH2 MIDDLE_TARGET_2)
NOT-CLOTHATTARGET(CLOTH2 MIDDLE_TARGET_1)
NOT-CLOTHATTARGET(CLOTH3 CLOTH2_END_TARGET)
NOT-CLOTHATTARGET(CLOTH3 CLOTH0_END_TARGET)
NOT-CLOTHATTARGET(CLOTH3 MIDDLE_TARGET_2)
NOT-CLOTHATTARGET(CLOTH3 MIDDLE_TARGET_1)
NOT-CLOTHATTARGET(CLOTH0 CLOTH1_END_TARGET)
NOT-CLOTHATTARGET(CLOTH0 CLOTH2_END_TARGET)
NOT-CLOTHATTARGET(CLOTH0 MIDDLE_TARGET_1)
NOT-CLOTHATTARGET(CLOTH1 CLOTH3_END_TARGET)
NOT-CLOTHATTARGET(CLOTH1 CLOTH0_END_TARGET)
NOT-CLOTHATTARGET(CLOTH1 MIDDLE_TARGET_2)
NOT-CLOTHATTARGET(CLOTH1 MIDDLE_TARGET_1)
CLOTHISONRIGHT(CLOTH0)
NOT-CLOTHATTARGET(CLOTH0 CLOTH3_END_TARGET)
NOT-CLOTHATTARGET(CLOTH3 CLOTH1_END_TARGET)
NOT-CLOTHINGRIPPERLEFT(CLOTH3)
CLOTHATTARGET(CLOTH3 CLOTH3_END_TARGET)
NOT-CLOTHATTARGET(CLOTH1 CLOTH2_END_TARGET)
NOT-CLOTHINGRIPPERLEFT(CLOTH1)
CLOTHATTARGET(CLOTH1 CLOTH1_END_TARGET)
NOT-CLOTHATTARGET(CLOTH2 CLOTH0_END_TARGET)
NOT-CLOTHINGRIPPERLEFT(CLOTH2)
CLOTHATTARGET(CLOTH2 CLOTH2_END_TARGET)
NOT-CLOTHATTARGET(CLOTH0 MIDDLE_TARGET_2)
NOT-CLOTHINGRIPPERLEFT(CLOTH0)
CLOTHATTARGET(CLOTH0 CLOTH0_END_TARGET)

