
ff: parsing domain file
domain 'SORTING_DOMAIN' defined
 ... done.
ff: parsing problem file
problem 'SORTING_PROBLEM' defined
 ... done.



Cueing down from goal distance:    8 into depth [1]
                                   7            [1]
                                   6            [1]
                                   5            [1]
                                   4            [1]
                                   3            [1]
                                   2            [1]
                                   1            [1]
                                   0            

ff: found legal plan as follows

step    0: GRASP CAN0
        1: PUTDOWN CAN0 CAN0_END_TARGET
        2: GRASP CAN1
        3: PUTDOWN CAN1 CAN1_END_TARGET
        4: GRASP CAN2
        5: PUTDOWN CAN2 CAN2_END_TARGET
        6: GRASP CAN3
        7: PUTDOWN CAN3 CAN3_END_TARGET
     

time spent:    0.00 seconds instantiating 32 easy, 0 hard action templates
               0.00 seconds reachability analysis, yielding 60 facts and 32 actions
               0.00 seconds creating final representation with 60 relevant facts
               0.00 seconds building connectivity graph
               0.00 seconds searching, evaluating 12 states, to a max depth of 1
               0.00 seconds total time

*** States ***
State 

NOT-CANATTARGET(CAN2 CAN2_END_TARGET)
NOT-CANATTARGET(CAN2 RIGHT_TARGET)
NOT-CANATTARGET(CAN2 CAN3_END_TARGET)
NOT-CANATTARGET(CAN2 LEFT_TARGET)
NOT-CANATTARGET(CAN2 CAN0_END_TARGET)
NOT-CANATTARGET(CAN2 MIDDLE_TARGET)
NOT-CANATTARGET(CAN2 CAN1_END_TARGET)
NOT-CANATTARGET(CAN3 CAN2_END_TARGET)
NOT-CANATTARGET(CAN3 RIGHT_TARGET)
NOT-CANATTARGET(CAN3 CAN3_END_TARGET)
NOT-CANATTARGET(CAN3 LEFT_TARGET)
NOT-CANATTARGET(CAN3 CAN0_END_TARGET)
NOT-CANATTARGET(CAN3 MIDDLE_TARGET)
NOT-CANATTARGET(CAN3 CAN1_END_TARGET)
NOT-CANATTARGET(CAN0 CAN2_END_TARGET)
NOT-CANATTARGET(CAN0 RIGHT_TARGET)
NOT-CANATTARGET(CAN0 CAN3_END_TARGET)
NOT-CANATTARGET(CAN0 LEFT_TARGET)
NOT-CANATTARGET(CAN0 CAN0_END_TARGET)
NOT-CANATTARGET(CAN0 MIDDLE_TARGET)
NOT-CANATTARGET(CAN0 CAN1_END_TARGET)
NOT-CANATTARGET(CAN1 CAN2_END_TARGET)
NOT-CANATTARGET(CAN1 RIGHT_TARGET)
NOT-CANATTARGET(CAN1 CAN3_END_TARGET)
NOT-CANATTARGET(CAN1 LEFT_TARGET)
NOT-CANATTARGET(CAN1 CAN0_END_TARGET)
NOT-CANATTARGET(CAN1 MIDDLE_TARGET)
NOT-CANATTARGET(CAN1 CAN1_END_TARGET)

State 

NOT-CANATTARGET(CAN2 CAN2_END_TARGET)
NOT-CANATTARGET(CAN2 RIGHT_TARGET)
NOT-CANATTARGET(CAN2 CAN3_END_TARGET)
NOT-CANATTARGET(CAN2 LEFT_TARGET)
NOT-CANATTARGET(CAN2 CAN0_END_TARGET)
NOT-CANATTARGET(CAN2 MIDDLE_TARGET)
NOT-CANATTARGET(CAN2 CAN1_END_TARGET)
NOT-CANATTARGET(CAN3 CAN2_END_TARGET)
NOT-CANATTARGET(CAN3 RIGHT_TARGET)
NOT-CANATTARGET(CAN3 CAN3_END_TARGET)
NOT-CANATTARGET(CAN3 LEFT_TARGET)
NOT-CANATTARGET(CAN3 CAN0_END_TARGET)
NOT-CANATTARGET(CAN3 MIDDLE_TARGET)
NOT-CANATTARGET(CAN3 CAN1_END_TARGET)
NOT-CANATTARGET(CAN0 CAN2_END_TARGET)
NOT-CANATTARGET(CAN0 RIGHT_TARGET)
NOT-CANATTARGET(CAN0 CAN3_END_TARGET)
NOT-CANATTARGET(CAN0 LEFT_TARGET)
NOT-CANATTARGET(CAN0 CAN0_END_TARGET)
NOT-CANATTARGET(CAN0 MIDDLE_TARGET)
NOT-CANATTARGET(CAN0 CAN1_END_TARGET)
NOT-CANATTARGET(CAN1 CAN2_END_TARGET)
NOT-CANATTARGET(CAN1 RIGHT_TARGET)
NOT-CANATTARGET(CAN1 CAN3_END_TARGET)
NOT-CANATTARGET(CAN1 LEFT_TARGET)
NOT-CANATTARGET(CAN1 CAN0_END_TARGET)
NOT-CANATTARGET(CAN1 MIDDLE_TARGET)
NOT-CANATTARGET(CAN1 CAN1_END_TARGET)
CANINGRIPPER(CAN0)

State 

NOT-CANATTARGET(CAN2 CAN2_END_TARGET)
NOT-CANATTARGET(CAN2 RIGHT_TARGET)
NOT-CANATTARGET(CAN2 CAN3_END_TARGET)
NOT-CANATTARGET(CAN2 LEFT_TARGET)
NOT-CANATTARGET(CAN2 CAN0_END_TARGET)
NOT-CANATTARGET(CAN2 MIDDLE_TARGET)
NOT-CANATTARGET(CAN2 CAN1_END_TARGET)
NOT-CANATTARGET(CAN3 CAN2_END_TARGET)
NOT-CANATTARGET(CAN3 RIGHT_TARGET)
NOT-CANATTARGET(CAN3 CAN3_END_TARGET)
NOT-CANATTARGET(CAN3 LEFT_TARGET)
NOT-CANATTARGET(CAN3 CAN0_END_TARGET)
NOT-CANATTARGET(CAN3 MIDDLE_TARGET)
NOT-CANATTARGET(CAN3 CAN1_END_TARGET)
NOT-CANATTARGET(CAN0 CAN2_END_TARGET)
NOT-CANATTARGET(CAN0 RIGHT_TARGET)
NOT-CANATTARGET(CAN0 CAN3_END_TARGET)
NOT-CANATTARGET(CAN0 LEFT_TARGET)
NOT-CANATTARGET(CAN0 MIDDLE_TARGET)
NOT-CANATTARGET(CAN0 CAN1_END_TARGET)
NOT-CANATTARGET(CAN1 CAN2_END_TARGET)
NOT-CANATTARGET(CAN1 RIGHT_TARGET)
NOT-CANATTARGET(CAN1 CAN3_END_TARGET)
NOT-CANATTARGET(CAN1 LEFT_TARGET)
NOT-CANATTARGET(CAN1 CAN0_END_TARGET)
NOT-CANATTARGET(CAN1 MIDDLE_TARGET)
NOT-CANATTARGET(CAN1 CAN1_END_TARGET)
CANATTARGET(CAN0 CAN0_END_TARGET)

State 

NOT-CANATTARGET(CAN2 CAN2_END_TARGET)
NOT-CANATTARGET(CAN2 RIGHT_TARGET)
NOT-CANATTARGET(CAN2 CAN3_END_TARGET)
NOT-CANATTARGET(CAN2 LEFT_TARGET)
NOT-CANATTARGET(CAN2 CAN0_END_TARGET)
NOT-CANATTARGET(CAN2 MIDDLE_TARGET)
NOT-CANATTARGET(CAN2 CAN1_END_TARGET)
NOT-CANATTARGET(CAN3 CAN2_END_TARGET)
NOT-CANATTARGET(CAN3 RIGHT_TARGET)
NOT-CANATTARGET(CAN3 CAN3_END_TARGET)
NOT-CANATTARGET(CAN3 LEFT_TARGET)
NOT-CANATTARGET(CAN3 CAN0_END_TARGET)
NOT-CANATTARGET(CAN3 MIDDLE_TARGET)
NOT-CANATTARGET(CAN3 CAN1_END_TARGET)
NOT-CANATTARGET(CAN0 CAN2_END_TARGET)
NOT-CANATTARGET(CAN0 RIGHT_TARGET)
NOT-CANATTARGET(CAN0 CAN3_END_TARGET)
NOT-CANATTARGET(CAN0 LEFT_TARGET)
NOT-CANATTARGET(CAN0 MIDDLE_TARGET)
NOT-CANATTARGET(CAN0 CAN1_END_TARGET)
NOT-CANATTARGET(CAN1 CAN2_END_TARGET)
NOT-CANATTARGET(CAN1 RIGHT_TARGET)
NOT-CANATTARGET(CAN1 CAN3_END_TARGET)
NOT-CANATTARGET(CAN1 LEFT_TARGET)
NOT-CANATTARGET(CAN1 CAN0_END_TARGET)
NOT-CANATTARGET(CAN1 MIDDLE_TARGET)
NOT-CANATTARGET(CAN1 CAN1_END_TARGET)
CANATTARGET(CAN0 CAN0_END_TARGET)
CANINGRIPPER(CAN1)

State 

NOT-CANATTARGET(CAN2 CAN2_END_TARGET)
NOT-CANATTARGET(CAN2 RIGHT_TARGET)
NOT-CANATTARGET(CAN2 CAN3_END_TARGET)
NOT-CANATTARGET(CAN2 LEFT_TARGET)
NOT-CANATTARGET(CAN2 CAN0_END_TARGET)
NOT-CANATTARGET(CAN2 MIDDLE_TARGET)
NOT-CANATTARGET(CAN2 CAN1_END_TARGET)
NOT-CANATTARGET(CAN3 CAN2_END_TARGET)
NOT-CANATTARGET(CAN3 RIGHT_TARGET)
NOT-CANATTARGET(CAN3 CAN3_END_TARGET)
NOT-CANATTARGET(CAN3 LEFT_TARGET)
NOT-CANATTARGET(CAN3 CAN0_END_TARGET)
NOT-CANATTARGET(CAN3 MIDDLE_TARGET)
NOT-CANATTARGET(CAN3 CAN1_END_TARGET)
NOT-CANATTARGET(CAN0 CAN2_END_TARGET)
NOT-CANATTARGET(CAN0 RIGHT_TARGET)
NOT-CANATTARGET(CAN0 CAN3_END_TARGET)
NOT-CANATTARGET(CAN0 LEFT_TARGET)
NOT-CANATTARGET(CAN0 MIDDLE_TARGET)
NOT-CANATTARGET(CAN0 CAN1_END_TARGET)
NOT-CANATTARGET(CAN1 CAN2_END_TARGET)
NOT-CANATTARGET(CAN1 RIGHT_TARGET)
NOT-CANATTARGET(CAN1 CAN3_END_TARGET)
NOT-CANATTARGET(CAN1 LEFT_TARGET)
NOT-CANATTARGET(CAN1 CAN0_END_TARGET)
NOT-CANATTARGET(CAN1 MIDDLE_TARGET)
CANATTARGET(CAN0 CAN0_END_TARGET)
CANATTARGET(CAN1 CAN1_END_TARGET)

State 

NOT-CANATTARGET(CAN2 CAN2_END_TARGET)
NOT-CANATTARGET(CAN2 RIGHT_TARGET)
NOT-CANATTARGET(CAN2 CAN3_END_TARGET)
NOT-CANATTARGET(CAN2 LEFT_TARGET)
NOT-CANATTARGET(CAN2 CAN0_END_TARGET)
NOT-CANATTARGET(CAN2 MIDDLE_TARGET)
NOT-CANATTARGET(CAN2 CAN1_END_TARGET)
NOT-CANATTARGET(CAN3 CAN2_END_TARGET)
NOT-CANATTARGET(CAN3 RIGHT_TARGET)
NOT-CANATTARGET(CAN3 CAN3_END_TARGET)
NOT-CANATTARGET(CAN3 LEFT_TARGET)
NOT-CANATTARGET(CAN3 CAN0_END_TARGET)
NOT-CANATTARGET(CAN3 MIDDLE_TARGET)
NOT-CANATTARGET(CAN3 CAN1_END_TARGET)
NOT-CANATTARGET(CAN0 CAN2_END_TARGET)
NOT-CANATTARGET(CAN0 RIGHT_TARGET)
NOT-CANATTARGET(CAN0 CAN3_END_TARGET)
NOT-CANATTARGET(CAN0 LEFT_TARGET)
NOT-CANATTARGET(CAN0 MIDDLE_TARGET)
NOT-CANATTARGET(CAN0 CAN1_END_TARGET)
NOT-CANATTARGET(CAN1 CAN2_END_TARGET)
NOT-CANATTARGET(CAN1 RIGHT_TARGET)
NOT-CANATTARGET(CAN1 CAN3_END_TARGET)
NOT-CANATTARGET(CAN1 LEFT_TARGET)
NOT-CANATTARGET(CAN1 CAN0_END_TARGET)
NOT-CANATTARGET(CAN1 MIDDLE_TARGET)
CANATTARGET(CAN0 CAN0_END_TARGET)
CANATTARGET(CAN1 CAN1_END_TARGET)
CANINGRIPPER(CAN2)

State 

NOT-CANATTARGET(CAN2 RIGHT_TARGET)
NOT-CANATTARGET(CAN2 CAN3_END_TARGET)
NOT-CANATTARGET(CAN2 LEFT_TARGET)
NOT-CANATTARGET(CAN2 CAN0_END_TARGET)
NOT-CANATTARGET(CAN2 MIDDLE_TARGET)
NOT-CANATTARGET(CAN2 CAN1_END_TARGET)
NOT-CANATTARGET(CAN3 CAN2_END_TARGET)
NOT-CANATTARGET(CAN3 RIGHT_TARGET)
NOT-CANATTARGET(CAN3 CAN3_END_TARGET)
NOT-CANATTARGET(CAN3 LEFT_TARGET)
NOT-CANATTARGET(CAN3 CAN0_END_TARGET)
NOT-CANATTARGET(CAN3 MIDDLE_TARGET)
NOT-CANATTARGET(CAN3 CAN1_END_TARGET)
NOT-CANATTARGET(CAN0 CAN2_END_TARGET)
NOT-CANATTARGET(CAN0 RIGHT_TARGET)
NOT-CANATTARGET(CAN0 CAN3_END_TARGET)
NOT-CANATTARGET(CAN0 LEFT_TARGET)
NOT-CANATTARGET(CAN0 MIDDLE_TARGET)
NOT-CANATTARGET(CAN0 CAN1_END_TARGET)
NOT-CANATTARGET(CAN1 CAN2_END_TARGET)
NOT-CANATTARGET(CAN1 RIGHT_TARGET)
NOT-CANATTARGET(CAN1 CAN3_END_TARGET)
NOT-CANATTARGET(CAN1 LEFT_TARGET)
NOT-CANATTARGET(CAN1 CAN0_END_TARGET)
NOT-CANATTARGET(CAN1 MIDDLE_TARGET)
CANATTARGET(CAN0 CAN0_END_TARGET)
CANATTARGET(CAN1 CAN1_END_TARGET)
CANATTARGET(CAN2 CAN2_END_TARGET)

State 

NOT-CANATTARGET(CAN2 RIGHT_TARGET)
NOT-CANATTARGET(CAN2 CAN3_END_TARGET)
NOT-CANATTARGET(CAN2 LEFT_TARGET)
NOT-CANATTARGET(CAN2 CAN0_END_TARGET)
NOT-CANATTARGET(CAN2 MIDDLE_TARGET)
NOT-CANATTARGET(CAN2 CAN1_END_TARGET)
NOT-CANATTARGET(CAN3 CAN2_END_TARGET)
NOT-CANATTARGET(CAN3 RIGHT_TARGET)
NOT-CANATTARGET(CAN3 CAN3_END_TARGET)
NOT-CANATTARGET(CAN3 LEFT_TARGET)
NOT-CANATTARGET(CAN3 CAN0_END_TARGET)
NOT-CANATTARGET(CAN3 MIDDLE_TARGET)
NOT-CANATTARGET(CAN3 CAN1_END_TARGET)
NOT-CANATTARGET(CAN0 CAN2_END_TARGET)
NOT-CANATTARGET(CAN0 RIGHT_TARGET)
NOT-CANATTARGET(CAN0 CAN3_END_TARGET)
NOT-CANATTARGET(CAN0 LEFT_TARGET)
NOT-CANATTARGET(CAN0 MIDDLE_TARGET)
NOT-CANATTARGET(CAN0 CAN1_END_TARGET)
NOT-CANATTARGET(CAN1 CAN2_END_TARGET)
NOT-CANATTARGET(CAN1 RIGHT_TARGET)
NOT-CANATTARGET(CAN1 CAN3_END_TARGET)
NOT-CANATTARGET(CAN1 LEFT_TARGET)
NOT-CANATTARGET(CAN1 CAN0_END_TARGET)
NOT-CANATTARGET(CAN1 MIDDLE_TARGET)
CANATTARGET(CAN0 CAN0_END_TARGET)
CANATTARGET(CAN1 CAN1_END_TARGET)
CANATTARGET(CAN2 CAN2_END_TARGET)
CANINGRIPPER(CAN3)

State 

NOT-CANATTARGET(CAN2 RIGHT_TARGET)
NOT-CANATTARGET(CAN2 CAN3_END_TARGET)
NOT-CANATTARGET(CAN2 LEFT_TARGET)
NOT-CANATTARGET(CAN2 CAN0_END_TARGET)
NOT-CANATTARGET(CAN2 MIDDLE_TARGET)
NOT-CANATTARGET(CAN2 CAN1_END_TARGET)
NOT-CANATTARGET(CAN3 CAN2_END_TARGET)
NOT-CANATTARGET(CAN3 RIGHT_TARGET)
NOT-CANATTARGET(CAN3 LEFT_TARGET)
NOT-CANATTARGET(CAN3 CAN0_END_TARGET)
NOT-CANATTARGET(CAN3 MIDDLE_TARGET)
NOT-CANATTARGET(CAN3 CAN1_END_TARGET)
NOT-CANATTARGET(CAN0 CAN2_END_TARGET)
NOT-CANATTARGET(CAN0 RIGHT_TARGET)
NOT-CANATTARGET(CAN0 CAN3_END_TARGET)
NOT-CANATTARGET(CAN0 LEFT_TARGET)
NOT-CANATTARGET(CAN0 MIDDLE_TARGET)
NOT-CANATTARGET(CAN0 CAN1_END_TARGET)
NOT-CANATTARGET(CAN1 CAN2_END_TARGET)
NOT-CANATTARGET(CAN1 RIGHT_TARGET)
NOT-CANATTARGET(CAN1 CAN3_END_TARGET)
NOT-CANATTARGET(CAN1 LEFT_TARGET)
NOT-CANATTARGET(CAN1 CAN0_END_TARGET)
NOT-CANATTARGET(CAN1 MIDDLE_TARGET)
CANATTARGET(CAN0 CAN0_END_TARGET)
CANATTARGET(CAN1 CAN1_END_TARGET)
CANATTARGET(CAN2 CAN2_END_TARGET)
CANATTARGET(CAN3 CAN3_END_TARGET)

