
ff: parsing domain file
domain 'SORTING_DOMAIN' defined
 ... done.
ff: parsing problem file
problem 'SORTING_PROBLEM' defined
 ... done.



Cueing down from goal distance:    4 into depth [1]
                                   3            [1]
                                   2            [1]
                                   1            [1]
                                   0            

ff: found legal plan as follows

step    0: MOVE_CAN CAN0 CAN0_END_TARGET
        1: MOVE_CAN CAN1 CAN1_END_TARGET
        2: MOVE_CAN CAN2 CAN2_END_TARGET
        3: MOVE_CAN CAN3 CAN3_END_TARGET
     

time spent:    0.00 seconds instantiating 28 easy, 0 hard action templates
               0.00 seconds reachability analysis, yielding 100 facts and 28 actions
               0.00 seconds creating final representation with 56 relevant facts
               0.00 seconds building connectivity graph
               0.00 seconds searching, evaluating 5 states, to a max depth of 1
               0.00 seconds total time

*** States ***
State 

NOT-CANATTARGET(CAN2 CAN2_END_TARGET)
NOT-CANATTARGET(CAN2 RIGHT_TARGET)
NOT-CANATTARGET(CAN2 CAN3_END_TARGET)
NOT-CANATTARGET(CAN2 LEFT_TARGET)
NOT-CANATTARGET(CAN2 CAN0_END_TARGET)
NOT-CANATTARGET(CAN2 MIDDLE_TARGET)
NOT-CANATTARGET(CAN2 CAN1_END_TARGET)
NOT-CANATTARGET(CAN3 CAN2_END_TARGET)
NOT-CANATTARGET(CAN3 RIGHT_TARGET)
NOT-CANATTARGET(CAN3 CAN3_END_TARGET)
NOT-CANATTARGET(CAN3 LEFT_TARGET)
NOT-CANATTARGET(CAN3 CAN0_END_TARGET)
NOT-CANATTARGET(CAN3 MIDDLE_TARGET)
NOT-CANATTARGET(CAN3 CAN1_END_TARGET)
NOT-CANATTARGET(CAN0 CAN2_END_TARGET)
NOT-CANATTARGET(CAN0 RIGHT_TARGET)
NOT-CANATTARGET(CAN0 CAN3_END_TARGET)
NOT-CANATTARGET(CAN0 LEFT_TARGET)
NOT-CANATTARGET(CAN0 CAN0_END_TARGET)
NOT-CANATTARGET(CAN0 MIDDLE_TARGET)
NOT-CANATTARGET(CAN0 CAN1_END_TARGET)
NOT-CANATTARGET(CAN1 CAN2_END_TARGET)
NOT-CANATTARGET(CAN1 RIGHT_TARGET)
NOT-CANATTARGET(CAN1 CAN3_END_TARGET)
NOT-CANATTARGET(CAN1 LEFT_TARGET)
NOT-CANATTARGET(CAN1 CAN0_END_TARGET)
NOT-CANATTARGET(CAN1 MIDDLE_TARGET)
NOT-CANATTARGET(CAN1 CAN1_END_TARGET)

State 

NOT-CANATTARGET(CAN2 CAN2_END_TARGET)
NOT-CANATTARGET(CAN2 RIGHT_TARGET)
NOT-CANATTARGET(CAN2 CAN3_END_TARGET)
NOT-CANATTARGET(CAN2 LEFT_TARGET)
NOT-CANATTARGET(CAN2 CAN0_END_TARGET)
NOT-CANATTARGET(CAN2 MIDDLE_TARGET)
NOT-CANATTARGET(CAN2 CAN1_END_TARGET)
NOT-CANATTARGET(CAN3 CAN2_END_TARGET)
NOT-CANATTARGET(CAN3 RIGHT_TARGET)
NOT-CANATTARGET(CAN3 CAN3_END_TARGET)
NOT-CANATTARGET(CAN3 LEFT_TARGET)
NOT-CANATTARGET(CAN3 CAN0_END_TARGET)
NOT-CANATTARGET(CAN3 MIDDLE_TARGET)
NOT-CANATTARGET(CAN3 CAN1_END_TARGET)
NOT-CANATTARGET(CAN0 CAN2_END_TARGET)
NOT-CANATTARGET(CAN0 RIGHT_TARGET)
NOT-CANATTARGET(CAN0 CAN3_END_TARGET)
NOT-CANATTARGET(CAN0 LEFT_TARGET)
NOT-CANATTARGET(CAN0 MIDDLE_TARGET)
NOT-CANATTARGET(CAN0 CAN1_END_TARGET)
NOT-CANATTARGET(CAN1 CAN2_END_TARGET)
NOT-CANATTARGET(CAN1 RIGHT_TARGET)
NOT-CANATTARGET(CAN1 CAN3_END_TARGET)
NOT-CANATTARGET(CAN1 LEFT_TARGET)
NOT-CANATTARGET(CAN1 CAN0_END_TARGET)
NOT-CANATTARGET(CAN1 MIDDLE_TARGET)
NOT-CANATTARGET(CAN1 CAN1_END_TARGET)
CANATTARGET(CAN0 CAN0_END_TARGET)

State 

NOT-CANATTARGET(CAN2 CAN2_END_TARGET)
NOT-CANATTARGET(CAN2 RIGHT_TARGET)
NOT-CANATTARGET(CAN2 CAN3_END_TARGET)
NOT-CANATTARGET(CAN2 LEFT_TARGET)
NOT-CANATTARGET(CAN2 CAN0_END_TARGET)
NOT-CANATTARGET(CAN2 MIDDLE_TARGET)
NOT-CANATTARGET(CAN2 CAN1_END_TARGET)
NOT-CANATTARGET(CAN3 CAN2_END_TARGET)
NOT-CANATTARGET(CAN3 RIGHT_TARGET)
NOT-CANATTARGET(CAN3 CAN3_END_TARGET)
NOT-CANATTARGET(CAN3 LEFT_TARGET)
NOT-CANATTARGET(CAN3 CAN0_END_TARGET)
NOT-CANATTARGET(CAN3 MIDDLE_TARGET)
NOT-CANATTARGET(CAN3 CAN1_END_TARGET)
NOT-CANATTARGET(CAN0 CAN2_END_TARGET)
NOT-CANATTARGET(CAN0 RIGHT_TARGET)
NOT-CANATTARGET(CAN0 CAN3_END_TARGET)
NOT-CANATTARGET(CAN0 LEFT_TARGET)
NOT-CANATTARGET(CAN0 MIDDLE_TARGET)
NOT-CANATTARGET(CAN0 CAN1_END_TARGET)
NOT-CANATTARGET(CAN1 CAN2_END_TARGET)
NOT-CANATTARGET(CAN1 RIGHT_TARGET)
NOT-CANATTARGET(CAN1 CAN3_END_TARGET)
NOT-CANATTARGET(CAN1 LEFT_TARGET)
NOT-CANATTARGET(CAN1 CAN0_END_TARGET)
NOT-CANATTARGET(CAN1 MIDDLE_TARGET)
CANATTARGET(CAN0 CAN0_END_TARGET)
CANATTARGET(CAN1 CAN1_END_TARGET)

State 

NOT-CANATTARGET(CAN2 RIGHT_TARGET)
NOT-CANATTARGET(CAN2 CAN3_END_TARGET)
NOT-CANATTARGET(CAN2 LEFT_TARGET)
NOT-CANATTARGET(CAN2 CAN0_END_TARGET)
NOT-CANATTARGET(CAN2 MIDDLE_TARGET)
NOT-CANATTARGET(CAN2 CAN1_END_TARGET)
NOT-CANATTARGET(CAN3 CAN2_END_TARGET)
NOT-CANATTARGET(CAN3 RIGHT_TARGET)
NOT-CANATTARGET(CAN3 CAN3_END_TARGET)
NOT-CANATTARGET(CAN3 LEFT_TARGET)
NOT-CANATTARGET(CAN3 CAN0_END_TARGET)
NOT-CANATTARGET(CAN3 MIDDLE_TARGET)
NOT-CANATTARGET(CAN3 CAN1_END_TARGET)
NOT-CANATTARGET(CAN0 CAN2_END_TARGET)
NOT-CANATTARGET(CAN0 RIGHT_TARGET)
NOT-CANATTARGET(CAN0 CAN3_END_TARGET)
NOT-CANATTARGET(CAN0 LEFT_TARGET)
NOT-CANATTARGET(CAN0 MIDDLE_TARGET)
NOT-CANATTARGET(CAN0 CAN1_END_TARGET)
NOT-CANATTARGET(CAN1 CAN2_END_TARGET)
NOT-CANATTARGET(CAN1 RIGHT_TARGET)
NOT-CANATTARGET(CAN1 CAN3_END_TARGET)
NOT-CANATTARGET(CAN1 LEFT_TARGET)
NOT-CANATTARGET(CAN1 CAN0_END_TARGET)
NOT-CANATTARGET(CAN1 MIDDLE_TARGET)
CANATTARGET(CAN0 CAN0_END_TARGET)
CANATTARGET(CAN1 CAN1_END_TARGET)
CANATTARGET(CAN2 CAN2_END_TARGET)

State 

NOT-CANATTARGET(CAN2 RIGHT_TARGET)
NOT-CANATTARGET(CAN2 CAN3_END_TARGET)
NOT-CANATTARGET(CAN2 LEFT_TARGET)
NOT-CANATTARGET(CAN2 CAN0_END_TARGET)
NOT-CANATTARGET(CAN2 MIDDLE_TARGET)
NOT-CANATTARGET(CAN2 CAN1_END_TARGET)
NOT-CANATTARGET(CAN3 CAN2_END_TARGET)
NOT-CANATTARGET(CAN3 RIGHT_TARGET)
NOT-CANATTARGET(CAN3 LEFT_TARGET)
NOT-CANATTARGET(CAN3 CAN0_END_TARGET)
NOT-CANATTARGET(CAN3 MIDDLE_TARGET)
NOT-CANATTARGET(CAN3 CAN1_END_TARGET)
NOT-CANATTARGET(CAN0 CAN2_END_TARGET)
NOT-CANATTARGET(CAN0 RIGHT_TARGET)
NOT-CANATTARGET(CAN0 CAN3_END_TARGET)
NOT-CANATTARGET(CAN0 LEFT_TARGET)
NOT-CANATTARGET(CAN0 MIDDLE_TARGET)
NOT-CANATTARGET(CAN0 CAN1_END_TARGET)
NOT-CANATTARGET(CAN1 CAN2_END_TARGET)
NOT-CANATTARGET(CAN1 RIGHT_TARGET)
NOT-CANATTARGET(CAN1 CAN3_END_TARGET)
NOT-CANATTARGET(CAN1 LEFT_TARGET)
NOT-CANATTARGET(CAN1 CAN0_END_TARGET)
NOT-CANATTARGET(CAN1 MIDDLE_TARGET)
CANATTARGET(CAN0 CAN0_END_TARGET)
CANATTARGET(CAN1 CAN1_END_TARGET)
CANATTARGET(CAN2 CAN2_END_TARGET)
CANATTARGET(CAN3 CAN3_END_TARGET)

